[35m[1mConsolidate compiler generated dependencies of target image_processor[0m
[ 25%] [32mBuilding C object CMakeFiles/image_processor.dir/src/image_processor.c.o[0m
[01m[K/home/realsense/gushi_ws/src/my_video_sender/src/image_processor.c:[m[K In function â€˜[01m[Kpass_image_to_c_function[m[Kâ€™:
[01m[K/home/realsense/gushi_ws/src/my_video_sender/src/image_processor.c:6:27:[m[K [01;31m[Kerror: [m[Kexpected â€˜[01m[K;[m[Kâ€™ before â€˜[01m[K}[m[Kâ€™ token
    6 |   printf("aaaaaaaaaaaaaa")
      |                           [01;31m[K^[m[K
      |                           [32m[K;[m[K
......
   10 | [32m[K}[m[K
      | [32m[K~[m[K                          
gmake[2]: *** [CMakeFiles/image_processor.dir/build.make:76: CMakeFiles/image_processor.dir/src/image_processor.c.o] ã‚¨ãƒ©ãƒ¼ 1
gmake[1]: *** [CMakeFiles/Makefile2:165: CMakeFiles/image_processor.dir/all] ã‚¨ãƒ©ãƒ¼ 2
gmake: *** [Makefile:146: all] ã‚¨ãƒ©ãƒ¼ 2
