[0.011s] Invoking command in '/home/realsense/gushi_ws/src/build/my_video_sender': CMAKE_PREFIX_PATH=/home/realsense/gushi_ws/src/install/test_package:/home/realsense/gushi_ws/src/install/my_video_sender:/home/realsense/gushi_ws/install/test_package:/home/realsense/ros2_ws/install/yolo_tools:/home/realsense/kisho_ws/ubicomp/3d_reconstruction/install/yolo_tools:/home/realsense/kisho_ws/ubicomp/3d_reconstruction/install/test_pkg:/home/realsense/kisho_ws/ubicomp/3d_reconstruction/install/hand_realsense_calibration:/home/realsense/kisho_ws/ubicomp/3d_reconstruction/install/control_tools:/home/realsense/kisho_ws/ubicomp/3d_reconstruction/install/calibration_tool:/home/realsense/test_ws/install/tf_tools:/home/realsense/test_ws/install/pkg1:/home/realsense/test_ws/install/my_tf_tools:/home/realsense/test_ws/install/krs_tools:/home/realsense/test_ws/install/calibration_tool:/home/realsense/reconst_ws/install/yolo_tools:/home/realsense/reconst_ws/install/test_pkg:/home/realsense/reconst_ws/install/my_tf_tools:/home/realsense/reconst_ws/install/krs_tools:/home/realsense/reconst_ws/install/control_tools:/home/realsense/reconst_ws/install/calibration_tool:/opt/ros/humble:/home/realsense/gushi_ws/install/rs_sender:/home/realsense/ros2_ws/install/realsense2_description:/home/realsense/ros2_ws/install/realsense2_camera:/home/realsense/ros2_ws/install/realsense2_camera_msgs /usr/bin/cmake --build /home/realsense/gushi_ws/src/build/my_video_sender -- -j20 -l20
[0.040s] [35m[1mConsolidate compiler generated dependencies of target image_processor[0m
[0.047s] [ 25%] [32mBuilding C object CMakeFiles/image_processor.dir/src/image_processor.c.o[0m
[0.056s] [01m[K/home/realsense/gushi_ws/src/my_video_sender/src/image_processor.c:[m[K In function â€˜[01m[Kpass_image_to_c_function[m[Kâ€™:
[0.056s] [01m[K/home/realsense/gushi_ws/src/my_video_sender/src/image_processor.c:6:27:[m[K [01;31m[Kerror: [m[Kexpected â€˜[01m[K;[m[Kâ€™ before â€˜[01m[K}[m[Kâ€™ token
[0.056s]     6 |   printf("aaaaaaaaaaaaaa")
[0.056s]       |                           [01;31m[K^[m[K
[0.056s]       |                           [32m[K;[m[K
[0.056s] ......
[0.056s]    10 | [32m[K}[m[K
[0.056s]       | [32m[K~[m[K                          
[0.056s] gmake[2]: *** [CMakeFiles/image_processor.dir/build.make:76: CMakeFiles/image_processor.dir/src/image_processor.c.o] ã‚¨ãƒ©ãƒ¼ 1
[0.056s] gmake[1]: *** [CMakeFiles/Makefile2:165: CMakeFiles/image_processor.dir/all] ã‚¨ãƒ©ãƒ¼ 2
[0.057s] gmake: *** [Makefile:146: all] ã‚¨ãƒ©ãƒ¼ 2
[0.058s] Invoked command in '/home/realsense/gushi_ws/src/build/my_video_sender' returned '2': CMAKE_PREFIX_PATH=/home/realsense/gushi_ws/src/install/test_package:/home/realsense/gushi_ws/src/install/my_video_sender:/home/realsense/gushi_ws/install/test_package:/home/realsense/ros2_ws/install/yolo_tools:/home/realsense/kisho_ws/ubicomp/3d_reconstruction/install/yolo_tools:/home/realsense/kisho_ws/ubicomp/3d_reconstruction/install/test_pkg:/home/realsense/kisho_ws/ubicomp/3d_reconstruction/install/hand_realsense_calibration:/home/realsense/kisho_ws/ubicomp/3d_reconstruction/install/control_tools:/home/realsense/kisho_ws/ubicomp/3d_reconstruction/install/calibration_tool:/home/realsense/test_ws/install/tf_tools:/home/realsense/test_ws/install/pkg1:/home/realsense/test_ws/install/my_tf_tools:/home/realsense/test_ws/install/krs_tools:/home/realsense/test_ws/install/calibration_tool:/home/realsense/reconst_ws/install/yolo_tools:/home/realsense/reconst_ws/install/test_pkg:/home/realsense/reconst_ws/install/my_tf_tools:/home/realsense/reconst_ws/install/krs_tools:/home/realsense/reconst_ws/install/control_tools:/home/realsense/reconst_ws/install/calibration_tool:/opt/ros/humble:/home/realsense/gushi_ws/install/rs_sender:/home/realsense/ros2_ws/install/realsense2_description:/home/realsense/ros2_ws/install/realsense2_camera:/home/realsense/ros2_ws/install/realsense2_camera_msgs /usr/bin/cmake --build /home/realsense/gushi_ws/src/build/my_video_sender -- -j20 -l20
