-- The C compiler identification is GNU 11.4.0
-- The CXX compiler identification is GNU 11.4.0
-- Detecting C compiler ABI info
-- Detecting C compiler ABI info - done
-- Check for working C compiler: /usr/bin/cc - skipped
-- Detecting C compile features
-- Detecting C compile features - done
-- Detecting CXX compiler ABI info
-- Detecting CXX compiler ABI info - done
-- Check for working CXX compiler: /usr/bin/c++ - skipped
-- Detecting CXX compile features
-- Detecting CXX compile features - done
-- Found ament_cmake: 1.3.10 (/opt/ros/humble/share/ament_cmake/cmake)
-- Found Python3: /usr/bin/python3 (found version "3.10.12") found components: Interpreter 
-- Override CMake install command with custom implementation using symlinks instead of copying resources
-- Found rclcpp: 16.0.10 (/opt/ros/humble/share/rclcpp/cmake)
-- Found rosidl_generator_c: 3.1.5 (/opt/ros/humble/share/rosidl_generator_c/cmake)
-- Found rosidl_adapter: 3.1.5 (/opt/ros/humble/share/rosidl_adapter/cmake)
-- Found rosidl_generator_cpp: 3.1.5 (/opt/ros/humble/share/rosidl_generator_cpp/cmake)
-- Using all available rosidl_typesupport_c: rosidl_typesupport_fastrtps_c;rosidl_typesupport_introspection_c
-- Using all available rosidl_typesupport_cpp: rosidl_typesupport_fastrtps_cpp;rosidl_typesupport_introspection_cpp
-- Found rmw_implementation_cmake: 6.1.2 (/opt/ros/humble/share/rmw_implementation_cmake/cmake)
-- Found rmw_fastrtps_cpp: 6.2.7 (/opt/ros/humble/share/rmw_fastrtps_cpp/cmake)
-- Found OpenSSL: /usr/lib/x86_64-linux-gnu/libcrypto.so (found version "3.0.2")  
-- Found FastRTPS: /opt/ros/humble/include  
-- Using RMW implementation 'rmw_fastrtps_cpp' as default
-- Looking for pthread.h
-- Looking for pthread.h - found
-- Performing Test CMAKE_HAVE_LIBC_PTHREAD
-- Performing Test CMAKE_HAVE_LIBC_PTHREAD - Success
-- Found Threads: TRUE  
-- Found sensor_msgs: 4.2.4 (/opt/ros/humble/share/sensor_msgs/cmake)
-- Configuring done
-- Generating done
-- Build files have been written to: /home/realsense/gushi_ws/src/build/my_video_sender
[ 25%] [32mBuilding C object CMakeFiles/image_processor.dir/src/image_processor.c.o[0m
[01m[K/home/realsense/gushi_ws/src/my_video_sender/src/image_processor.c:[m[K In function ‘[01m[Kpass_image_to_c_function[m[K’:
[01m[K/home/realsense/gushi_ws/src/my_video_sender/src/image_processor.c:7:9:[m[K [01;31m[Kerror: [m[Kstray ‘[01m[K\343[m[K’ in program
    7 |   例えば[01;31m[K、[m[Kファイルに書き出したり、別の処理を行う
      |         [01;31m[K^~[m[K
[01m[K/home/realsense/gushi_ws/src/my_video_sender/src/image_processor.c:7:3:[m[K [01;31m[Kerror: [m[Kunknown type name ‘[01m[K例えば[m[K’
    7 |   [01;31m[K例えば[m[K、ファイルに書き出したり、別の処理を行う
      |   [01;31m[K^~~~~~[m[K
[01m[K/home/realsense/gushi_ws/src/my_video_sender/src/image_processor.c:7:33:[m[K [01;31m[Kerror: [m[Kstray ‘[01m[K\343[m[K’ in program
    7 |   例えば、ファイルに書き出したり[01;31m[K、[m[K別の処理を行う
      |                                 [01;31m[K^~[m[K
[01m[K/home/realsense/gushi_ws/src/my_video_sender/src/image_processor.c:7:35:[m[K [01;31m[Kerror: [m[Kexpected ‘[01m[K=[m[K’, ‘[01m[K,[m[K’, ‘[01m[K;[m[K’, ‘[01m[Kasm[m[K’ or ‘[01m[K__attribute__[m[K’ before ‘[01m[K別の処理を行う[m[K’
    7 |   例えば、ファイルに書き出したり、[01;31m[K別の処理を行う[m[K
      |                                   [01;31m[K^~~~~~~~~~~~~~[m[K
[01m[K/home/realsense/gushi_ws/src/my_video_sender/src/image_processor.c:9:45:[m[K [01;31m[Kerror: [m[K‘[01m[Kfile[m[K’ undeclared (first use in this function); did you mean ‘[01m[Kfileno[m[K’?
    9 |   fwrite(image_data, 1, width * height * 3, [01;31m[Kfile[m[K); // 3はRGBの場合の例
      |                                             [01;31m[K^~~~[m[K
      |                                             [32m[Kfileno[m[K
[01m[K/home/realsense/gushi_ws/src/my_video_sender/src/image_processor.c:9:45:[m[K [01;36m[Knote: [m[Keach undeclared identifier is reported only once for each function it appears in
gmake[2]: *** [CMakeFiles/image_processor.dir/build.make:76: CMakeFiles/image_processor.dir/src/image_processor.c.o] エラー 1
gmake[1]: *** [CMakeFiles/Makefile2:165: CMakeFiles/image_processor.dir/all] エラー 2
gmake: *** [Makefile:146: all] エラー 2
